<?xml version="1.0" encoding="UTF-8"?>
<!-- Generated by org.testng.reporters.JUnitReportReporter -->
<testsuite hostname="DESKTOP-FQ0K5AQ" name="com.demo.step.NewTest3" tests="3" failures="0" timestamp="10 Nov 2019 06:11:53 GMT" time="0.011" errors="0">
  <testcase name="Test5" time="0.001" classname="com.demo.step.NewTest3"/>
  <testcase name="Test5" time="0.002" classname="com.demo.step.NewTest3"/>
  <testcase name="Test5" time="0.008" classname="com.demo.step.NewTest3"/>
</testsuite> <!-- com.demo.step.NewTest3 -->
