<?xml version="1.0" encoding="UTF-8"?>
<!-- Generated by org.testng.reporters.JUnitReportReporter -->
<testsuite hostname="DESKTOP-FQ0K5AQ" name="com.testngpackage.DropdownMultipleSelection" tests="1" failures="0" timestamp="19 Dec 2019 04:04:11 GMT" time="8.810" errors="0">
  <testcase name="dropdowmultiple" time="8.810" classname="com.testngpackage.DropdownMultipleSelection"/>
</testsuite> <!-- com.testngpackage.DropdownMultipleSelection -->
