<?xml version="1.0" encoding="UTF-8"?>
<!-- Generated by org.testng.reporters.JUnitReportReporter -->
<testsuite hostname="DESKTOP-FQ0K5AQ" name="com.testngpackage.Multiplewindowhandling" tests="1" failures="0" timestamp="10 Dec 2019 17:56:14 GMT" time="16.728" errors="0">
  <testcase name="windowhandle" time="16.728" classname="com.testngpackage.Multiplewindowhandling"/>
</testsuite> <!-- com.testngpackage.Multiplewindowhandling -->
