<?xml version="1.0" encoding="UTF-8"?>
<!-- Generated by org.testng.reporters.JUnitReportReporter -->
<testsuite skipped="0" hostname="DESKTOP-IVGPN1D" name="com.demo.testDataProvider.test.TestDataProvider" tests="2" failures="0" timestamp="29 Jun 2019 03:48:40 GMT" time="0.017" errors="0">
  <testcase name="fillUserForm" time="0.006" classname="com.demo.testDataProvider.test.TestDataProvider"/>
  <testcase name="fillUserForm" time="0.011" classname="com.demo.testDataProvider.test.TestDataProvider"/>
</testsuite> <!-- com.demo.testDataProvider.test.TestDataProvider -->
