<?xml version="1.0" encoding="UTF-8"?>
<!-- Generated by org.testng.reporters.JUnitReportReporter -->
<testsuite hostname="DESKTOP-FQ0K5AQ" name="com.testngpackage.Test2" tests="1" failures="0" timestamp="24 Nov 2019 04:56:00 GMT" time="6.335" errors="0">
  <testcase name="f" time="6.335" classname="com.testngpackage.Test2"/>
</testsuite> <!-- com.testngpackage.Test2 -->
