<?xml version="1.0" encoding="UTF-8"?>
<!-- Generated by org.testng.reporters.JUnitReportReporter -->
<testsuite hostname="DESKTOP-FQ0K5AQ" name="com.testngpackage.Javascriptpopup1" tests="1" failures="0" timestamp="17 Dec 2019 17:21:14 GMT" time="20.093" errors="0">
  <testcase name="javascriptpop" time="20.093" classname="com.testngpackage.Javascriptpopup1"/>
</testsuite> <!-- com.testngpackage.Javascriptpopup1 -->
