<?xml version="1.0" encoding="UTF-8"?>
<!-- Generated by org.testng.reporters.JUnitReportReporter -->
<testsuite hostname="DESKTOP-FQ0K5AQ" name="com.testngpackage.Test3" tests="1" failures="0" timestamp="24 Nov 2019 05:46:34 GMT" time="14.432" errors="0">
  <testcase name="f" time="14.432" classname="com.testngpackage.Test3"/>
</testsuite> <!-- com.testngpackage.Test3 -->
