<?xml version="1.0" encoding="UTF-8"?>
<!-- Generated by org.testng.reporters.JUnitReportReporter -->
<testsuite hostname="DESKTOP-FQ0K5AQ" name="com.demo.step.NewTest1" tests="1" failures="0" timestamp="29 Nov 2019 17:42:53 GMT" time="0.009" errors="0">
  <testcase name="loginexpeted" time="0.009" classname="com.demo.step.NewTest1"/>
</testsuite> <!-- com.demo.step.NewTest1 -->
