<?xml version="1.0" encoding="UTF-8"?>
<!-- Generated by org.testng.reporters.JUnitReportReporter -->
<testsuite hostname="DESKTOP-FQ0K5AQ" name="com.demo.step.NewTest" tests="1" failures="0" timestamp="8 Nov 2019 13:06:51 GMT" time="8.192" errors="0">
  <testcase name="f" time="8.192" classname="com.demo.step.NewTest"/>
</testsuite> <!-- com.demo.step.NewTest -->
