<?xml version="1.0" encoding="UTF-8"?>
<!-- Generated by org.testng.reporters.JUnitReportReporter -->
<testsuite hostname="DESKTOP-FQ0K5AQ" name="com.testngpackage.Windowpopdemo" tests="1" failures="0" timestamp="19 Dec 2019 02:06:18 GMT" time="13.087" errors="0">
  <testcase name="f" time="13.087" classname="com.testngpackage.Windowpopdemo"/>
</testsuite> <!-- com.testngpackage.Windowpopdemo -->
