<?xml version="1.0" encoding="UTF-8"?>
<!-- Generated by org.testng.reporters.JUnitReportReporter -->
<testsuite hostname="DESKTOP-FQ0K5AQ" name="com.testngpackage.windowspophandling" tests="1" failures="0" timestamp="10 Dec 2019 17:25:39 GMT" time="35.426" errors="0">
  <testcase name="windowhandling" time="35.426" classname="com.testngpackage.windowspophandling"/>
</testsuite> <!-- com.testngpackage.windowspophandling -->
