<?xml version="1.0" encoding="UTF-8"?>
<!-- Generated by org.testng.reporters.JUnitReportReporter -->
<testsuite hostname="DESKTOP-FQ0K5AQ" name="com.testngpackage.Readtable2" tests="1" failures="0" timestamp="2 Dec 2019 18:21:36 GMT" time="14.373" errors="0">
  <testcase name="ftest" time="14.373" classname="com.testngpackage.Readtable2"/>
</testsuite> <!-- com.testngpackage.Readtable2 -->
