<?xml version="1.0" encoding="UTF-8"?>
<!-- Generated by org.testng.reporters.JUnitReportReporter -->
<testsuite hostname="DESKTOP-FQ0K5AQ" name="com.testngpackage.login" tests="1" failures="0" timestamp="25 Nov 2019 11:12:22 GMT" time="11.671" errors="0">
  <testcase name="multidropdownselection" time="11.671" classname="com.testngpackage.login"/>
</testsuite> <!-- com.testngpackage.login -->
