<?xml version="1.0" encoding="UTF-8"?>
<!-- Generated by org.testng.reporters.JUnitReportReporter -->
<testsuite hostname="DESKTOP-FQ0K5AQ" name="com.testngpackage.Test1" tests="1" failures="0" timestamp="24 Nov 2019 04:21:31 GMT" time="7.564" errors="0">
  <testcase name="alertpop" time="7.564" classname="com.testngpackage.Test1"/>
</testsuite> <!-- com.testngpackage.Test1 -->
