<?xml version="1.0" encoding="UTF-8"?>
<!-- Generated by org.testng.reporters.JUnitReportReporter -->
<testsuite hostname="DESKTOP-FQ0K5AQ" name="com.testngpackage.TablePractise" tests="1" failures="0" timestamp="13 Dec 2019 17:27:05 GMT" time="13.971" errors="0">
  <testcase name="function1" time="13.971" classname="com.testngpackage.TablePractise"/>
</testsuite> <!-- com.testngpackage.TablePractise -->
