<?xml version="1.0" encoding="UTF-8"?>
<!-- Generated by org.testng.reporters.JUnitReportReporter -->
<testsuite hostname="DESKTOP-FQ0K5AQ" name="com.testngpackage.ReadTable" tests="1" failures="0" timestamp="2 Dec 2019 17:59:46 GMT" time="11.708" errors="0">
  <testcase name="f" time="11.708" classname="com.testngpackage.ReadTable"/>
</testsuite> <!-- com.testngpackage.ReadTable -->
