<?xml version="1.0" encoding="UTF-8"?>
<!-- Generated by org.testng.reporters.JUnitReportReporter -->
<testsuite hostname="DESKTOP-FQ0K5AQ" name="com.testngpackage.demo1" tests="4" failures="0" timestamp="23 Nov 2019 04:23:02 GMT" time="6.635" errors="0">
  <testcase name="login" time="0.005" classname="com.testngpackage.demo1"/>
  <testcase name="test1" time="6.600" classname="com.testngpackage.demo1"/>
  <testcase name="allcheck" time="0.012" classname="com.testngpackage.demo1"/>
  <testcase name="applicant" time="0.018" classname="com.testngpackage.demo1"/>
</testsuite> <!-- com.testngpackage.demo1 -->
