<?xml version="1.0" encoding="UTF-8"?>
<!-- Generated by org.testng.reporters.JUnitReportReporter -->
<testsuite hostname="DESKTOP-FQ0K5AQ" name="com.demo.step.NewTest5" tests="1" failures="0" timestamp="18 Dec 2019 17:01:54 GMT" time="0.005" errors="0">
  <testcase name="test9" time="0.005" classname="com.demo.step.NewTest5"/>
</testsuite> <!-- com.demo.step.NewTest5 -->
